<?xml version="1.0" encoding="UTF-8"?>
<testng-results ignored="0" total="1" passed="1" failed="0" skipped="0">
  <reporter-output>
  </reporter-output>
  <suite started-at="2024-03-06T15:32:01 IST" name="Suite" finished-at="2024-03-06T15:32:28 IST" duration-ms="26897">
    <groups>
    </groups>
    <test started-at="2024-03-06T15:32:01 IST" name="Test" finished-at="2024-03-06T15:32:28 IST" duration-ms="26897">
      <class name="com.axisrooms.KnightsTemplar.report.OptimizerTest">
        <test-method is-config="true" signature="setUp([Ljava.lang.Object;)[pri:0, instance:com.axisrooms.KnightsTemplar.report.OptimizerTest@11392934]" started-at="2024-03-06T15:32:01 IST" name="setUp" finished-at="2024-03-06T15:32:08 IST" duration-ms="6929" status="PASS">
          <params>
            <param index="0">
              <value>
                <![CDATA[[Ljava.lang.Object;@1b24ea2a]]>
              </value>
            </param>
          </params>
          <reporter-output>
          </reporter-output>
        </test-method> <!-- setUp -->
        <test-method signature="optimizerTest(java.util.Map)[pri:0, instance:com.axisrooms.KnightsTemplar.report.OptimizerTest@11392934]" started-at="2024-03-06T15:32:08 IST" name="optimizerTest" data-provider="getData" finished-at="2024-03-06T15:32:28 IST" duration-ms="19270" status="PASS">
          <params>
            <param index="0">
              <value>
                <![CDATA[{TestName=optimizerTest, UserName=raghavendra.m@axisrooms.com, Execute=yes, Browser=chrome, Password=Password123#}]]>
              </value>
            </param>
          </params>
          <reporter-output>
          </reporter-output>
        </test-method> <!-- optimizerTest -->
        <test-method is-config="true" signature="tearDown()[pri:0, instance:com.axisrooms.KnightsTemplar.report.OptimizerTest@11392934]" started-at="2024-03-06T15:32:28 IST" name="tearDown" finished-at="2024-03-06T15:32:28 IST" duration-ms="155" status="PASS">
          <reporter-output>
          </reporter-output>
        </test-method> <!-- tearDown -->
      </class> <!-- com.axisrooms.KnightsTemplar.report.OptimizerTest -->
    </test> <!-- Test -->
  </suite> <!-- Suite -->
</testng-results>
