<?xml version="1.0" encoding="UTF-8"?>
<testng-results ignored="0" total="1" passed="0" failed="1" skipped="0">
  <reporter-output>
  </reporter-output>
  <suite started-at="2024-03-11T15:15:39 IST" name="Suite" finished-at="2024-03-11T15:16:10 IST" duration-ms="30591">
    <groups>
    </groups>
    <test started-at="2024-03-11T15:15:39 IST" name="Test" finished-at="2024-03-11T15:16:10 IST" duration-ms="30591">
      <class name="com.axisrooms.KnightsTemplar.report.PriceUpdateTest">
        <test-method is-config="true" signature="setUp([Ljava.lang.Object;)[pri:0, instance:com.axisrooms.KnightsTemplar.report.PriceUpdateTest@78e4deb0]" started-at="2024-03-11T15:15:39 IST" name="setUp" finished-at="2024-03-11T15:15:55 IST" duration-ms="15056" status="PASS">
          <params>
            <param index="0">
              <value>
                <![CDATA[[Ljava.lang.Object;@59845579]]>
              </value>
            </param>
          </params>
          <reporter-output>
          </reporter-output>
        </test-method> <!-- setUp -->
        <test-method signature="priceUpdateTest(java.util.Map)[pri:0, instance:com.axisrooms.KnightsTemplar.report.PriceUpdateTest@78e4deb0]" started-at="2024-03-11T15:15:55 IST" name="priceUpdateTest" data-provider="getData" finished-at="2024-03-11T15:16:09 IST" duration-ms="14801" status="FAIL">
          <params>
            <param index="0">
              <value>
                <![CDATA[{TestName=priceUpdateTest, UserName=raghavendra.m@axisrooms.com, Execute=yes, Browser=chrome, Password=Password123#}]]>
              </value>
            </param>
          </params>
          <exception class="org.openqa.selenium.NoSuchElementException">
            <message>
              <![CDATA[Cannot locate option with text: Standard Room
For documentation on this error, please visit: https://www.selenium.dev/documentation/webdriver/troubleshooting/errors#no-such-element-exception
Build info: version: '4.15.0', revision: '1d14b5521b'
System info: os.name: 'Windows 11', os.arch: 'amd64', os.version: '10.0', java.version: '17.0.9'
Driver info: driver.version: unknown]]>
            </message>
            <full-stacktrace>
              <![CDATA[org.openqa.selenium.NoSuchElementException: Cannot locate option with text: Standard Room
For documentation on this error, please visit: https://www.selenium.dev/documentation/webdriver/troubleshooting/errors#no-such-element-exception
Build info: version: '4.15.0', revision: '1d14b5521b'
System info: os.name: 'Windows 11', os.arch: 'amd64', os.version: '10.0', java.version: '17.0.9'
Driver info: driver.version: unknown
at org.openqa.selenium.support.ui.Select.selectByVisibleText(Select.java:153)
at com.axisrooms.KnightsTemplar.factories.ExplicitWaitFactory.selectValueByVisibleText(ExplicitWaitFactory.java:72)
at com.axisrooms.KnightsTemplar.reports.PriceUpdatePage.getRoomDropdown(PriceUpdatePage.java:86)
at com.axisrooms.KnightsTemplar.report.PriceUpdateTest.priceUpdateTest(PriceUpdateTest.java:46)
at java.base/jdk.internal.reflect.NativeMethodAccessorImpl.invoke0(Native Method)
at java.base/jdk.internal.reflect.NativeMethodAccessorImpl.invoke(NativeMethodAccessorImpl.java:77)
at java.base/jdk.internal.reflect.DelegatingMethodAccessorImpl.invoke(DelegatingMethodAccessorImpl.java:43)
at java.base/java.lang.reflect.Method.invoke(Method.java:568)
at org.testng.internal.invokers.MethodInvocationHelper.invokeMethod(MethodInvocationHelper.java:139)
at org.testng.internal.invokers.TestInvoker.invokeMethod(TestInvoker.java:677)
at org.testng.internal.invokers.TestInvoker.invokeTestMethod(TestInvoker.java:221)
at org.testng.internal.invokers.MethodRunner.runInSequence(MethodRunner.java:50)
at org.testng.internal.invokers.TestInvoker$MethodInvocationAgent.invoke(TestInvoker.java:969)
at org.testng.internal.invokers.TestInvoker.invokeTestMethods(TestInvoker.java:194)
at org.testng.internal.invokers.TestMethodWorker.invokeTestMethods(TestMethodWorker.java:148)
at org.testng.internal.invokers.TestMethodWorker.run(TestMethodWorker.java:128)
at java.base/java.util.ArrayList.forEach(ArrayList.java:1511)
at org.testng.TestRunner.privateRun(TestRunner.java:829)
at org.testng.TestRunner.run(TestRunner.java:602)
at org.testng.SuiteRunner.runTest(SuiteRunner.java:437)
at org.testng.SuiteRunner.runSequentially(SuiteRunner.java:431)
at org.testng.SuiteRunner.privateRun(SuiteRunner.java:391)
at org.testng.SuiteRunner.run(SuiteRunner.java:330)
at org.testng.SuiteRunnerWorker.runSuite(SuiteRunnerWorker.java:52)
at org.testng.SuiteRunnerWorker.run(SuiteRunnerWorker.java:95)
at org.testng.TestNG.runSuitesSequentially(TestNG.java:1256)
at org.testng.TestNG.runSuitesLocally(TestNG.java:1176)
at org.testng.TestNG.runSuites(TestNG.java:1099)
at org.testng.TestNG.run(TestNG.java:1067)
at org.testng.remote.AbstractRemoteTestNG.run(AbstractRemoteTestNG.java:115)
at org.testng.remote.RemoteTestNG.initAndRun(RemoteTestNG.java:251)
at org.testng.remote.RemoteTestNG.main(RemoteTestNG.java:77)
]]>
            </full-stacktrace>
          </exception> <!-- org.openqa.selenium.NoSuchElementException -->
          <reporter-output>
          </reporter-output>
        </test-method> <!-- priceUpdateTest -->
        <test-method is-config="true" signature="tearDown()[pri:0, instance:com.axisrooms.KnightsTemplar.report.PriceUpdateTest@78e4deb0]" started-at="2024-03-11T15:16:09 IST" name="tearDown" finished-at="2024-03-11T15:16:10 IST" duration-ms="227" status="PASS">
          <reporter-output>
          </reporter-output>
        </test-method> <!-- tearDown -->
      </class> <!-- com.axisrooms.KnightsTemplar.report.PriceUpdateTest -->
    </test> <!-- Test -->
  </suite> <!-- Suite -->
</testng-results>
